Using pre-set license
Built from '2021.1/staging' branch; Version is '2021.1.7f1 (d91830b65d9b) revision 14227504'; Using compiler version '192528614'; Build Type 'Release'
OS: 'Windows 10 Pro; OS build 19041.804; Version 2004; 64bit' Language: 'ru' Physical Memory: 15816 MB
BatchMode: 1, IsHumanControllingUs: 0, StartBugReporterOnCrash: 0, Is64bit: 1, IsPro: 0

 COMMAND LINE ARGUMENTS:
F:\Programms\Unity\2021.1.7f1\Editor\Unity.exe
-adb2
-batchMode
-noUpm
-name
AssetImportWorker0
-projectPath
F:/projects/AmayaQuiz
-logFile
Logs/AssetImportWorker0.log
-srvPort
65529
Successfully changed project path to: F:/projects/AmayaQuiz
F:/projects/AmayaQuiz
Using Asset Import Pipeline V2.
Refreshing native plugins compatible for Editor in 92.08 ms, found 2 plugins.
Preloading 0 native plugins for Editor in 0.00 ms.
Initialize engine version: 2021.1.7f1 (d91830b65d9b)
[Subsystems] Discovering subsystems at path F:/Programms/Unity/2021.1.7f1/Editor/Data/Resources/UnitySubsystems
[Subsystems] Discovering subsystems at path F:/projects/AmayaQuiz/Assets
GfxDevice: creating device client; threaded=0; jobified=0
Direct3D:
    Version:  Direct3D 11.0 [level 11.1]
    Renderer: NVIDIA GeForce GTX 960 (ID=0x1401)
    Vendor:   NVIDIA
    VRAM:     2007 MB
    Driver:   27.21.14.6172
Initialize mono
Mono path[0] = 'F:/Programms/Unity/2021.1.7f1/Editor/Data/Managed'
Mono path[1] = 'F:/Programms/Unity/2021.1.7f1/Editor/Data/MonoBleedingEdge/lib/mono/unityjit'
Mono config path = 'F:/Programms/Unity/2021.1.7f1/Editor/Data/MonoBleedingEdge/etc'
Using monoOptions --debugger-agent=transport=dt_socket,embedding=1,server=y,suspend=n,address=127.0.0.1:56468
Begin MonoManager ReloadAssembly
Registering precompiled unity dll's ...
Register platform support module: F:/Programms/Unity/2021.1.7f1/Editor/Data/PlaybackEngines/WebGLSupport/UnityEditor.WebGL.Extensions.dll
Register platform support module: F:/Programms/Unity/2021.1.7f1/Editor/Data/PlaybackEngines/MacStandaloneSupport/UnityEditor.OSXStandalone.Extensions.dll
Register platform support module: F:/Programms/Unity/2021.1.7f1/Editor/Data/PlaybackEngines/WindowsStandaloneSupport/UnityEditor.WindowsStandalone.Extensions.dll
Registered in 0.002106 seconds.
Native extension for WindowsStandalone target not found
Native extension for OSXStandalone target not found
Native extension for WebGL target not found
Refreshing native plugins compatible for Editor in 93.50 ms, found 2 plugins.
Preloading 0 native plugins for Editor in 0.00 ms.
Mono: successfully reloaded assembly
- Completed reload, in  1.951 seconds
Platform modules already initialized, skipping
Registering precompiled user dll's ...
Registered in 0.004003 seconds.
Begin MonoManager ReloadAssembly
Symbol file LoadedFromMemory doesn't match image F:\projects\AmayaQuiz\Library\PackageCache\com.unity.visualscripting@1.6.1\Editor\VisualScripting.Core\Dependencies\YamlDotNet\Unity.VisualScripting.YamlDotNet.dll
Symbol file LoadedFromMemory doesn't match image F:\projects\AmayaQuiz\Library\PackageCache\com.unity.visualscripting@1.6.1\Editor\VisualScripting.Core\Dependencies\DotNetZip\Unity.VisualScripting.IonicZip.dll
Native extension for WindowsStandalone target not found
Native extension for OSXStandalone target not found
Native extension for WebGL target not found
Refreshing native plugins compatible for Editor in 90.66 ms, found 2 plugins.
Preloading 0 native plugins for Editor in 0.00 ms.
Mono: successfully reloaded assembly
- Completed reload, in  1.065 seconds
Platform modules already initialized, skipping
========================================================================
Worker process is ready to serve import requests
Launched and connected shader compiler UnityShaderCompiler.exe after 0.12 seconds
Refreshing native plugins compatible for Editor in 0.75 ms, found 2 plugins.
Preloading 0 native plugins for Editor in 0.00 ms.
Unloading 3410 Unused Serialized files (Serialized files now loaded: 0)
System memory in use before: 150.6 MB.
System memory in use after: 150.7 MB.

Unloading 29 unused Assets to reduce memory usage. Loaded Objects now: 3893.
Total: 2.943400 ms (FindLiveObjects: 0.376600 ms CreateObjectMapping: 0.114400 ms MarkObjects: 2.312900 ms  DeleteObjects: 0.138000 ms)

========================================================================
Received Import Request.
  path: Assets/PickableBundles/Letters.asset
  artifactKey: Guid(673d87c3e31d0794c8cabac9f61a9b0d) Importer(815301076,1909f56bfc062723c751e8b465ee728b)
Start importing Assets/PickableBundles/Letters.asset using Guid(673d87c3e31d0794c8cabac9f61a9b0d) Importer(815301076,1909f56bfc062723c751e8b465ee728b)  -> (artifact id: '54efbe4342b35977156f80244ae16c39') in 0.111087 seconds 
========================================================================
Received Prepare
Registering precompiled user dll's ...
Registered in 0.004301 seconds.
Begin MonoManager ReloadAssembly
Symbol file LoadedFromMemory doesn't match image F:\projects\AmayaQuiz\Library\PackageCache\com.unity.visualscripting@1.6.1\Editor\VisualScripting.Core\Dependencies\YamlDotNet\Unity.VisualScripting.YamlDotNet.dll
Symbol file LoadedFromMemory doesn't match image F:\projects\AmayaQuiz\Library\PackageCache\com.unity.visualscripting@1.6.1\Editor\VisualScripting.Core\Dependencies\DotNetZip\Unity.VisualScripting.IonicZip.dll
Native extension for WindowsStandalone target not found
Native extension for OSXStandalone target not found
Native extension for WebGL target not found
Refreshing native plugins compatible for Editor in 0.75 ms, found 2 plugins.
Preloading 0 native plugins for Editor in 0.00 ms.
Mono: successfully reloaded assembly
- Completed reload, in  0.928 seconds
Platform modules already initialized, skipping
Refreshing native plugins compatible for Editor in 0.72 ms, found 2 plugins.
Preloading 0 native plugins for Editor in 0.00 ms.
Unloading 3392 Unused Serialized files (Serialized files now loaded: 0)
System memory in use before: 149.3 MB.
System memory in use after: 149.4 MB.

Unloading 19 unused Assets to reduce memory usage. Loaded Objects now: 3897.
Total: 2.375200 ms (FindLiveObjects: 0.310200 ms CreateObjectMapping: 0.089100 ms MarkObjects: 1.864600 ms  DeleteObjects: 0.110100 ms)

========================================================================
Received Import Request.
  Time since last request: 263.388608 seconds.
  path: Assets/PickableBundles/Letters.asset
  artifactKey: Guid(673d87c3e31d0794c8cabac9f61a9b0d) Importer(815301076,1909f56bfc062723c751e8b465ee728b)
Start importing Assets/PickableBundles/Letters.asset using Guid(673d87c3e31d0794c8cabac9f61a9b0d) Importer(815301076,1909f56bfc062723c751e8b465ee728b)  -> (artifact id: '49d4b54455eed7b7673ff2553c682b74') in 0.016930 seconds 
========================================================================
Received Prepare
Registering precompiled user dll's ...
Registered in 0.003753 seconds.
Begin MonoManager ReloadAssembly
Symbol file LoadedFromMemory doesn't match image F:\projects\AmayaQuiz\Library\PackageCache\com.unity.visualscripting@1.6.1\Editor\VisualScripting.Core\Dependencies\YamlDotNet\Unity.VisualScripting.YamlDotNet.dll
Symbol file LoadedFromMemory doesn't match image F:\projects\AmayaQuiz\Library\PackageCache\com.unity.visualscripting@1.6.1\Editor\VisualScripting.Core\Dependencies\DotNetZip\Unity.VisualScripting.IonicZip.dll
Native extension for WindowsStandalone target not found
Native extension for OSXStandalone target not found
Native extension for WebGL target not found
Refreshing native plugins compatible for Editor in 0.73 ms, found 2 plugins.
Preloading 0 native plugins for Editor in 0.00 ms.
Mono: successfully reloaded assembly
- Completed reload, in  0.881 seconds
Platform modules already initialized, skipping
Refreshing native plugins compatible for Editor in 0.75 ms, found 2 plugins.
Preloading 0 native plugins for Editor in 0.00 ms.
Unloading 3392 Unused Serialized files (Serialized files now loaded: 0)
System memory in use before: 149.4 MB.
System memory in use after: 149.5 MB.

Unloading 19 unused Assets to reduce memory usage. Loaded Objects now: 3901.
Total: 2.409900 ms (FindLiveObjects: 0.317500 ms CreateObjectMapping: 0.092800 ms MarkObjects: 1.878900 ms  DeleteObjects: 0.119800 ms)

========================================================================
Received Prepare
Registering precompiled user dll's ...
Registered in 0.004235 seconds.
Begin MonoManager ReloadAssembly
Symbol file LoadedFromMemory doesn't match image F:\projects\AmayaQuiz\Library\PackageCache\com.unity.visualscripting@1.6.1\Editor\VisualScripting.Core\Dependencies\YamlDotNet\Unity.VisualScripting.YamlDotNet.dll
Symbol file LoadedFromMemory doesn't match image F:\projects\AmayaQuiz\Library\PackageCache\com.unity.visualscripting@1.6.1\Editor\VisualScripting.Core\Dependencies\DotNetZip\Unity.VisualScripting.IonicZip.dll
Native extension for WindowsStandalone target not found
Native extension for OSXStandalone target not found
Native extension for WebGL target not found
Refreshing native plugins compatible for Editor in 0.79 ms, found 2 plugins.
Preloading 0 native plugins for Editor in 0.00 ms.
Mono: successfully reloaded assembly
- Completed reload, in  0.928 seconds
Platform modules already initialized, skipping
Refreshing native plugins compatible for Editor in 0.84 ms, found 2 plugins.
Preloading 0 native plugins for Editor in 0.00 ms.
Unloading 3392 Unused Serialized files (Serialized files now loaded: 0)
System memory in use before: 149.4 MB.
System memory in use after: 149.5 MB.

Unloading 18 unused Assets to reduce memory usage. Loaded Objects now: 3905.
Total: 2.378700 ms (FindLiveObjects: 0.324000 ms CreateObjectMapping: 0.095000 ms MarkObjects: 1.838200 ms  DeleteObjects: 0.120200 ms)

========================================================================
Received Import Request.
  Time since last request: 73.526276 seconds.
  path: Assets/PickableBundles/Numbers.asset
  artifactKey: Guid(aff102726f7e44c44b773af3654e0ac9) Importer(815301076,1909f56bfc062723c751e8b465ee728b)
Start importing Assets/PickableBundles/Numbers.asset using Guid(aff102726f7e44c44b773af3654e0ac9) Importer(815301076,1909f56bfc062723c751e8b465ee728b)  -> (artifact id: '0374cd05d3274d22faabd1f174daf8d6') in 0.016015 seconds 
========================================================================
Received Prepare
Registering precompiled user dll's ...
Registered in 0.003993 seconds.
Begin MonoManager ReloadAssembly
Symbol file LoadedFromMemory doesn't match image F:\projects\AmayaQuiz\Library\PackageCache\com.unity.visualscripting@1.6.1\Editor\VisualScripting.Core\Dependencies\YamlDotNet\Unity.VisualScripting.YamlDotNet.dll
Symbol file LoadedFromMemory doesn't match image F:\projects\AmayaQuiz\Library\PackageCache\com.unity.visualscripting@1.6.1\Editor\VisualScripting.Core\Dependencies\DotNetZip\Unity.VisualScripting.IonicZip.dll
Native extension for WindowsStandalone target not found
Native extension for OSXStandalone target not found
Native extension for WebGL target not found
Refreshing native plugins compatible for Editor in 0.83 ms, found 2 plugins.
Preloading 0 native plugins for Editor in 0.00 ms.
Mono: successfully reloaded assembly
- Completed reload, in  0.945 seconds
Platform modules already initialized, skipping
Refreshing native plugins compatible for Editor in 0.93 ms, found 2 plugins.
Preloading 0 native plugins for Editor in 0.00 ms.
Unloading 3392 Unused Serialized files (Serialized files now loaded: 0)
System memory in use before: 149.4 MB.
System memory in use after: 149.5 MB.

Unloading 18 unused Assets to reduce memory usage. Loaded Objects now: 3909.
Total: 2.499300 ms (FindLiveObjects: 0.342100 ms CreateObjectMapping: 0.090500 ms MarkObjects: 1.948300 ms  DeleteObjects: 0.117300 ms)

========================================================================
Received Prepare
Registering precompiled user dll's ...
Registered in 0.004255 seconds.
Begin MonoManager ReloadAssembly
Symbol file LoadedFromMemory doesn't match image F:\projects\AmayaQuiz\Library\PackageCache\com.unity.visualscripting@1.6.1\Editor\VisualScripting.Core\Dependencies\YamlDotNet\Unity.VisualScripting.YamlDotNet.dll
Symbol file LoadedFromMemory doesn't match image F:\projects\AmayaQuiz\Library\PackageCache\com.unity.visualscripting@1.6.1\Editor\VisualScripting.Core\Dependencies\DotNetZip\Unity.VisualScripting.IonicZip.dll
Native extension for WindowsStandalone target not found
Native extension for OSXStandalone target not found
Native extension for WebGL target not found
Refreshing native plugins compatible for Editor in 0.75 ms, found 2 plugins.
Preloading 0 native plugins for Editor in 0.00 ms.
Mono: successfully reloaded assembly
- Completed reload, in  0.880 seconds
Platform modules already initialized, skipping
Refreshing native plugins compatible for Editor in 0.70 ms, found 2 plugins.
Preloading 0 native plugins for Editor in 0.00 ms.
Unloading 3392 Unused Serialized files (Serialized files now loaded: 0)
System memory in use before: 149.6 MB.
System memory in use after: 149.7 MB.

Unloading 18 unused Assets to reduce memory usage. Loaded Objects now: 3913.
Total: 2.319700 ms (FindLiveObjects: 0.294300 ms CreateObjectMapping: 0.088500 ms MarkObjects: 1.817900 ms  DeleteObjects: 0.118000 ms)

========================================================================
Received Prepare
Registering precompiled user dll's ...
Registered in 0.004697 seconds.
Begin MonoManager ReloadAssembly
Symbol file LoadedFromMemory doesn't match image F:\projects\AmayaQuiz\Library\PackageCache\com.unity.visualscripting@1.6.1\Editor\VisualScripting.Core\Dependencies\YamlDotNet\Unity.VisualScripting.YamlDotNet.dll
Symbol file LoadedFromMemory doesn't match image F:\projects\AmayaQuiz\Library\PackageCache\com.unity.visualscripting@1.6.1\Editor\VisualScripting.Core\Dependencies\DotNetZip\Unity.VisualScripting.IonicZip.dll
Native extension for WindowsStandalone target not found
Native extension for OSXStandalone target not found
Native extension for WebGL target not found
Refreshing native plugins compatible for Editor in 0.78 ms, found 2 plugins.
Preloading 0 native plugins for Editor in 0.00 ms.
Mono: successfully reloaded assembly
- Completed reload, in  0.924 seconds
Platform modules already initialized, skipping
Refreshing native plugins compatible for Editor in 0.76 ms, found 2 plugins.
Preloading 0 native plugins for Editor in 0.00 ms.
Unloading 3392 Unused Serialized files (Serialized files now loaded: 0)
System memory in use before: 149.6 MB.
System memory in use after: 149.7 MB.

Unloading 18 unused Assets to reduce memory usage. Loaded Objects now: 3917.
Total: 3.108900 ms (FindLiveObjects: 0.337500 ms CreateObjectMapping: 0.099500 ms MarkObjects: 2.532300 ms  DeleteObjects: 0.138200 ms)

========================================================================
Received Prepare
Registering precompiled user dll's ...
Registered in 0.004789 seconds.
Begin MonoManager ReloadAssembly
Symbol file LoadedFromMemory doesn't match image F:\projects\AmayaQuiz\Library\PackageCache\com.unity.visualscripting@1.6.1\Editor\VisualScripting.Core\Dependencies\YamlDotNet\Unity.VisualScripting.YamlDotNet.dll
Symbol file LoadedFromMemory doesn't match image F:\projects\AmayaQuiz\Library\PackageCache\com.unity.visualscripting@1.6.1\Editor\VisualScripting.Core\Dependencies\DotNetZip\Unity.VisualScripting.IonicZip.dll
Native extension for WindowsStandalone target not found
Native extension for OSXStandalone target not found
Native extension for WebGL target not found
Refreshing native plugins compatible for Editor in 0.89 ms, found 2 plugins.
Preloading 0 native plugins for Editor in 0.00 ms.
Mono: successfully reloaded assembly
- Completed reload, in  0.904 seconds
Platform modules already initialized, skipping
Refreshing native plugins compatible for Editor in 0.86 ms, found 2 plugins.
Preloading 0 native plugins for Editor in 0.00 ms.
Unloading 3392 Unused Serialized files (Serialized files now loaded: 0)
System memory in use before: 149.6 MB.
System memory in use after: 149.7 MB.

Unloading 18 unused Assets to reduce memory usage. Loaded Objects now: 3921.
Total: 2.936400 ms (FindLiveObjects: 0.327600 ms CreateObjectMapping: 0.090400 ms MarkObjects: 2.388700 ms  DeleteObjects: 0.128600 ms)

========================================================================
Received Prepare
Registering precompiled user dll's ...
Registered in 0.004480 seconds.
Begin MonoManager ReloadAssembly
Symbol file LoadedFromMemory doesn't match image F:\projects\AmayaQuiz\Library\PackageCache\com.unity.visualscripting@1.6.1\Editor\VisualScripting.Core\Dependencies\YamlDotNet\Unity.VisualScripting.YamlDotNet.dll
Symbol file LoadedFromMemory doesn't match image F:\projects\AmayaQuiz\Library\PackageCache\com.unity.visualscripting@1.6.1\Editor\VisualScripting.Core\Dependencies\DotNetZip\Unity.VisualScripting.IonicZip.dll
Native extension for WindowsStandalone target not found
Native extension for OSXStandalone target not found
Native extension for WebGL target not found
Refreshing native plugins compatible for Editor in 0.75 ms, found 2 plugins.
Preloading 0 native plugins for Editor in 0.00 ms.
Mono: successfully reloaded assembly
- Completed reload, in  0.907 seconds
Platform modules already initialized, skipping
Refreshing native plugins compatible for Editor in 0.76 ms, found 2 plugins.
Preloading 0 native plugins for Editor in 0.00 ms.
Unloading 3392 Unused Serialized files (Serialized files now loaded: 0)
System memory in use before: 149.6 MB.
System memory in use after: 149.7 MB.

Unloading 18 unused Assets to reduce memory usage. Loaded Objects now: 3925.
Total: 2.994600 ms (FindLiveObjects: 0.349400 ms CreateObjectMapping: 0.096000 ms MarkObjects: 2.426200 ms  DeleteObjects: 0.121900 ms)

========================================================================
Received Prepare
Registering precompiled user dll's ...
Registered in 0.003730 seconds.
Begin MonoManager ReloadAssembly
Symbol file LoadedFromMemory doesn't match image F:\projects\AmayaQuiz\Library\PackageCache\com.unity.visualscripting@1.6.1\Editor\VisualScripting.Core\Dependencies\YamlDotNet\Unity.VisualScripting.YamlDotNet.dll
Symbol file LoadedFromMemory doesn't match image F:\projects\AmayaQuiz\Library\PackageCache\com.unity.visualscripting@1.6.1\Editor\VisualScripting.Core\Dependencies\DotNetZip\Unity.VisualScripting.IonicZip.dll
Native extension for WindowsStandalone target not found
Native extension for OSXStandalone target not found
Native extension for WebGL target not found
Refreshing native plugins compatible for Editor in 0.71 ms, found 2 plugins.
Preloading 0 native plugins for Editor in 0.00 ms.
Mono: successfully reloaded assembly
- Completed reload, in  0.826 seconds
Platform modules already initialized, skipping
Refreshing native plugins compatible for Editor in 0.72 ms, found 2 plugins.
Preloading 0 native plugins for Editor in 0.00 ms.
Unloading 3392 Unused Serialized files (Serialized files now loaded: 0)
System memory in use before: 149.6 MB.
System memory in use after: 149.7 MB.

Unloading 18 unused Assets to reduce memory usage. Loaded Objects now: 3929.
Total: 2.331900 ms (FindLiveObjects: 0.299500 ms CreateObjectMapping: 0.089600 ms MarkObjects: 1.833300 ms  DeleteObjects: 0.108800 ms)

========================================================================
Received Import Request.
  Time since last request: 471.471997 seconds.
  path: Assets/PickableBundles/Letters.asset
  artifactKey: Guid(673d87c3e31d0794c8cabac9f61a9b0d) Importer(815301076,1909f56bfc062723c751e8b465ee728b)
Start importing Assets/PickableBundles/Letters.asset using Guid(673d87c3e31d0794c8cabac9f61a9b0d) Importer(815301076,1909f56bfc062723c751e8b465ee728b) Invalid sprite atlas asset encountered when matching atlas for sprite letters_a. Please repack all your sprite atlases.

Invalid sprite atlas asset encountered when matching atlas for sprite letters_1. Please repack all your sprite atlases.

Invalid sprite atlas asset encountered when matching atlas for sprite letters_2. Please repack all your sprite atlases.

Invalid sprite atlas asset encountered when matching atlas for sprite letters_3. Please repack all your sprite atlases.

Invalid sprite atlas asset encountered when matching atlas for sprite letters_8. Please repack all your sprite atlases.

Invalid sprite atlas asset encountered when matching atlas for sprite letters_4. Please repack all your sprite atlases.

Invalid sprite atlas asset encountered when matching atlas for sprite letters_5. Please repack all your sprite atlases.

Invalid sprite atlas asset encountered when matching atlas for sprite letters_6. Please repack all your sprite atlases.

Invalid sprite atlas asset encountered when matching atlas for sprite letters_7. Please repack all your sprite atlases.

Invalid sprite atlas asset encountered when matching atlas for sprite letters_9. Please repack all your sprite atlases.

Invalid sprite atlas asset encountered when matching atlas for sprite letters_10. Please repack all your sprite atlases.

Invalid sprite atlas asset encountered when matching atlas for sprite letters_11. Please repack all your sprite atlases.

Invalid sprite atlas asset encountered when matching atlas for sprite letters_12. Please repack all your sprite atlases.

Invalid sprite atlas asset encountered when matching atlas for sprite LC_letters_2_0. Please repack all your sprite atlases.

Invalid sprite atlas asset encountered when matching atlas for sprite LC_letters_2_1. Please repack all your sprite atlases.

Invalid sprite atlas asset encountered when matching atlas for sprite LC_letters_2_2. Please repack all your sprite atlases.

Invalid sprite atlas asset encountered when matching atlas for sprite LC_letters_2_3. Please repack all your sprite atlases.

Invalid sprite atlas asset encountered when matching atlas for sprite LC_letters_2_4. Please repack all your sprite atlases.

Invalid sprite atlas asset encountered when matching atlas for sprite LC_letters_2_5. Please repack all your sprite atlases.

Invalid sprite atlas asset encountered when matching atlas for sprite LC_letters_2_6. Please repack all your sprite atlases.

Invalid sprite atlas asset encountered when matching atlas for sprite LC_letters_2_7. Please repack all your sprite atlases.

Invalid sprite atlas asset encountered when matching atlas for sprite LC_letters_2_8. Please repack all your sprite atlases.

Invalid sprite atlas asset encountered when matching atlas for sprite LC_letters_2_9. Please repack all your sprite atlases.

Invalid sprite atlas asset encountered when matching atlas for sprite LC_letters_2_10. Please repack all your sprite atlases.

Invalid sprite atlas asset encountered when matching atlas for sprite LC_letters_3_0. Please repack all your sprite atlases.

Invalid sprite atlas asset encountered when matching atlas for sprite LC_letters_3_1. Please repack all your sprite atlases.

 -> (artifact id: '1ec0861812c4c241daa036e2618dbf0d') in 0.026974 seconds 
========================================================================
Received Prepare
Registering precompiled user dll's ...
Registered in 0.004067 seconds.
Begin MonoManager ReloadAssembly
Symbol file LoadedFromMemory doesn't match image F:\projects\AmayaQuiz\Library\PackageCache\com.unity.visualscripting@1.6.1\Editor\VisualScripting.Core\Dependencies\YamlDotNet\Unity.VisualScripting.YamlDotNet.dll
Symbol file LoadedFromMemory doesn't match image F:\projects\AmayaQuiz\Library\PackageCache\com.unity.visualscripting@1.6.1\Editor\VisualScripting.Core\Dependencies\DotNetZip\Unity.VisualScripting.IonicZip.dll
Native extension for WindowsStandalone target not found
Native extension for OSXStandalone target not found
Native extension for WebGL target not found
Refreshing native plugins compatible for Editor in 0.70 ms, found 2 plugins.
Preloading 0 native plugins for Editor in 0.00 ms.
Mono: successfully reloaded assembly
- Completed reload, in  0.832 seconds
Platform modules already initialized, skipping
Refreshing native plugins compatible for Editor in 0.70 ms, found 2 plugins.
Preloading 0 native plugins for Editor in 0.00 ms.
Unloading 3392 Unused Serialized files (Serialized files now loaded: 0)
System memory in use before: 149.8 MB.
System memory in use after: 149.9 MB.

Unloading 18 unused Assets to reduce memory usage. Loaded Objects now: 3933.
Total: 2.383000 ms (FindLiveObjects: 0.307100 ms CreateObjectMapping: 0.088200 ms MarkObjects: 1.879100 ms  DeleteObjects: 0.107800 ms)

========================================================================
Received Import Request.
  Time since last request: 45.983370 seconds.
  path: Assets/PickableBundles/Letters.asset
  artifactKey: Guid(673d87c3e31d0794c8cabac9f61a9b0d) Importer(815301076,1909f56bfc062723c751e8b465ee728b)
Start importing Assets/PickableBundles/Letters.asset using Guid(673d87c3e31d0794c8cabac9f61a9b0d) Importer(815301076,1909f56bfc062723c751e8b465ee728b)  -> (artifact id: '9806b3f26ec450999d7119eb623fbcfd') in 0.015544 seconds 
========================================================================
Received Prepare
Registering precompiled user dll's ...
Registered in 0.004464 seconds.
Begin MonoManager ReloadAssembly
Symbol file LoadedFromMemory doesn't match image F:\projects\AmayaQuiz\Library\PackageCache\com.unity.visualscripting@1.6.1\Editor\VisualScripting.Core\Dependencies\YamlDotNet\Unity.VisualScripting.YamlDotNet.dll
Symbol file LoadedFromMemory doesn't match image F:\projects\AmayaQuiz\Library\PackageCache\com.unity.visualscripting@1.6.1\Editor\VisualScripting.Core\Dependencies\DotNetZip\Unity.VisualScripting.IonicZip.dll
Native extension for WindowsStandalone target not found
Native extension for OSXStandalone target not found
Native extension for WebGL target not found
Refreshing native plugins compatible for Editor in 0.76 ms, found 2 plugins.
Preloading 0 native plugins for Editor in 0.00 ms.
Mono: successfully reloaded assembly
- Completed reload, in  0.917 seconds
Platform modules already initialized, skipping
Refreshing native plugins compatible for Editor in 0.83 ms, found 2 plugins.
Preloading 0 native plugins for Editor in 0.00 ms.
Unloading 3392 Unused Serialized files (Serialized files now loaded: 0)
System memory in use before: 149.8 MB.
System memory in use after: 149.9 MB.

Unloading 18 unused Assets to reduce memory usage. Loaded Objects now: 3937.
Total: 2.804100 ms (FindLiveObjects: 0.332800 ms CreateObjectMapping: 0.091300 ms MarkObjects: 2.181400 ms  DeleteObjects: 0.197100 ms)

========================================================================
Received Import Request.
  Time since last request: 139.100843 seconds.
  path: Assets/PickableBundles/Numbers.asset
  artifactKey: Guid(aff102726f7e44c44b773af3654e0ac9) Importer(815301076,1909f56bfc062723c751e8b465ee728b)
Start importing Assets/PickableBundles/Numbers.asset using Guid(aff102726f7e44c44b773af3654e0ac9) Importer(815301076,1909f56bfc062723c751e8b465ee728b)  -> (artifact id: 'bb57dfa9add46e99d68ebf434752b062') in 0.016877 seconds 
========================================================================
Received Prepare
Registering precompiled user dll's ...
Registered in 0.004023 seconds.
Begin MonoManager ReloadAssembly
Symbol file LoadedFromMemory doesn't match image F:\projects\AmayaQuiz\Library\PackageCache\com.unity.visualscripting@1.6.1\Editor\VisualScripting.Core\Dependencies\YamlDotNet\Unity.VisualScripting.YamlDotNet.dll
Symbol file LoadedFromMemory doesn't match image F:\projects\AmayaQuiz\Library\PackageCache\com.unity.visualscripting@1.6.1\Editor\VisualScripting.Core\Dependencies\DotNetZip\Unity.VisualScripting.IonicZip.dll
Native extension for WindowsStandalone target not found
Native extension for OSXStandalone target not found
Native extension for WebGL target not found
Refreshing native plugins compatible for Editor in 0.83 ms, found 2 plugins.
Preloading 0 native plugins for Editor in 0.00 ms.
Mono: successfully reloaded assembly
- Completed reload, in  0.890 seconds
Platform modules already initialized, skipping
Refreshing native plugins compatible for Editor in 0.70 ms, found 2 plugins.
Preloading 0 native plugins for Editor in 0.00 ms.
Unloading 3392 Unused Serialized files (Serialized files now loaded: 0)
System memory in use before: 149.8 MB.
System memory in use after: 149.9 MB.

Unloading 18 unused Assets to reduce memory usage. Loaded Objects now: 3941.
Total: 2.679200 ms (FindLiveObjects: 0.331900 ms CreateObjectMapping: 0.260700 ms MarkObjects: 1.962300 ms  DeleteObjects: 0.123100 ms)

========================================================================
Received Prepare
Registering precompiled user dll's ...
Registered in 0.004449 seconds.
Begin MonoManager ReloadAssembly
Symbol file LoadedFromMemory doesn't match image F:\projects\AmayaQuiz\Library\PackageCache\com.unity.visualscripting@1.6.1\Editor\VisualScripting.Core\Dependencies\YamlDotNet\Unity.VisualScripting.YamlDotNet.dll
Symbol file LoadedFromMemory doesn't match image F:\projects\AmayaQuiz\Library\PackageCache\com.unity.visualscripting@1.6.1\Editor\VisualScripting.Core\Dependencies\DotNetZip\Unity.VisualScripting.IonicZip.dll
Native extension for WindowsStandalone target not found
Native extension for OSXStandalone target not found
Native extension for WebGL target not found
Refreshing native plugins compatible for Editor in 0.70 ms, found 2 plugins.
Preloading 0 native plugins for Editor in 0.00 ms.
Mono: successfully reloaded assembly
- Completed reload, in  0.850 seconds
Platform modules already initialized, skipping
Refreshing native plugins compatible for Editor in 0.72 ms, found 2 plugins.
Preloading 0 native plugins for Editor in 0.00 ms.
Unloading 3392 Unused Serialized files (Serialized files now loaded: 0)
System memory in use before: 149.8 MB.
System memory in use after: 149.9 MB.

Unloading 18 unused Assets to reduce memory usage. Loaded Objects now: 3945.
Total: 2.374700 ms (FindLiveObjects: 0.306100 ms CreateObjectMapping: 0.089000 ms MarkObjects: 1.866100 ms  DeleteObjects: 0.112800 ms)

========================================================================
Received Prepare
Registering precompiled user dll's ...
Registered in 0.004810 seconds.
Begin MonoManager ReloadAssembly
Symbol file LoadedFromMemory doesn't match image F:\projects\AmayaQuiz\Library\PackageCache\com.unity.visualscripting@1.6.1\Editor\VisualScripting.Core\Dependencies\YamlDotNet\Unity.VisualScripting.YamlDotNet.dll
Symbol file LoadedFromMemory doesn't match image F:\projects\AmayaQuiz\Library\PackageCache\com.unity.visualscripting@1.6.1\Editor\VisualScripting.Core\Dependencies\DotNetZip\Unity.VisualScripting.IonicZip.dll
Native extension for WindowsStandalone target not found
Native extension for OSXStandalone target not found
Native extension for WebGL target not found
Refreshing native plugins compatible for Editor in 0.88 ms, found 2 plugins.
Preloading 0 native plugins for Editor in 0.00 ms.
Mono: successfully reloaded assembly
- Completed reload, in  0.911 seconds
Platform modules already initialized, skipping
Refreshing native plugins compatible for Editor in 0.73 ms, found 2 plugins.
Preloading 0 native plugins for Editor in 0.00 ms.
Unloading 3392 Unused Serialized files (Serialized files now loaded: 0)
System memory in use before: 149.8 MB.
System memory in use after: 149.9 MB.

Unloading 18 unused Assets to reduce memory usage. Loaded Objects now: 3949.
Total: 2.460800 ms (FindLiveObjects: 0.293800 ms CreateObjectMapping: 0.090100 ms MarkObjects: 1.964700 ms  DeleteObjects: 0.111400 ms)

========================================================================
Received Prepare
Registering precompiled user dll's ...
Registered in 0.005033 seconds.
Begin MonoManager ReloadAssembly
Symbol file LoadedFromMemory doesn't match image F:\projects\AmayaQuiz\Library\PackageCache\com.unity.visualscripting@1.6.1\Editor\VisualScripting.Core\Dependencies\YamlDotNet\Unity.VisualScripting.YamlDotNet.dll
Symbol file LoadedFromMemory doesn't match image F:\projects\AmayaQuiz\Library\PackageCache\com.unity.visualscripting@1.6.1\Editor\VisualScripting.Core\Dependencies\DotNetZip\Unity.VisualScripting.IonicZip.dll
Native extension for WindowsStandalone target not found
Native extension for OSXStandalone target not found
Native extension for WebGL target not found
Refreshing native plugins compatible for Editor in 0.77 ms, found 2 plugins.
Preloading 0 native plugins for Editor in 0.00 ms.
Mono: successfully reloaded assembly
- Completed reload, in  0.897 seconds
Platform modules already initialized, skipping
Refreshing native plugins compatible for Editor in 0.78 ms, found 2 plugins.
Preloading 0 native plugins for Editor in 0.00 ms.
Unloading 3392 Unused Serialized files (Serialized files now loaded: 0)
System memory in use before: 149.8 MB.
System memory in use after: 149.9 MB.

Unloading 18 unused Assets to reduce memory usage. Loaded Objects now: 3953.
Total: 2.530000 ms (FindLiveObjects: 0.349700 ms CreateObjectMapping: 0.094500 ms MarkObjects: 1.963200 ms  DeleteObjects: 0.121400 ms)

========================================================================
Received Prepare
Registering precompiled user dll's ...
Registered in 0.004501 seconds.
Begin MonoManager ReloadAssembly
Symbol file LoadedFromMemory doesn't match image F:\projects\AmayaQuiz\Library\PackageCache\com.unity.visualscripting@1.6.1\Editor\VisualScripting.Core\Dependencies\YamlDotNet\Unity.VisualScripting.YamlDotNet.dll
Symbol file LoadedFromMemory doesn't match image F:\projects\AmayaQuiz\Library\PackageCache\com.unity.visualscripting@1.6.1\Editor\VisualScripting.Core\Dependencies\DotNetZip\Unity.VisualScripting.IonicZip.dll
Native extension for WindowsStandalone target not found
Native extension for OSXStandalone target not found
Native extension for WebGL target not found
Refreshing native plugins compatible for Editor in 0.74 ms, found 2 plugins.
Preloading 0 native plugins for Editor in 0.00 ms.
Mono: successfully reloaded assembly
- Completed reload, in  0.843 seconds
Platform modules already initialized, skipping
Refreshing native plugins compatible for Editor in 0.75 ms, found 2 plugins.
Preloading 0 native plugins for Editor in 0.00 ms.
Unloading 3392 Unused Serialized files (Serialized files now loaded: 0)
System memory in use before: 149.8 MB.
System memory in use after: 149.9 MB.

Unloading 18 unused Assets to reduce memory usage. Loaded Objects now: 3957.
Total: 2.778000 ms (FindLiveObjects: 0.341200 ms CreateObjectMapping: 0.094400 ms MarkObjects: 2.221500 ms  DeleteObjects: 0.119600 ms)

========================================================================
Received Prepare
Registering precompiled user dll's ...
Registered in 0.004114 seconds.
Begin MonoManager ReloadAssembly
Symbol file LoadedFromMemory doesn't match image F:\projects\AmayaQuiz\Library\PackageCache\com.unity.visualscripting@1.6.1\Editor\VisualScripting.Core\Dependencies\YamlDotNet\Unity.VisualScripting.YamlDotNet.dll
Symbol file LoadedFromMemory doesn't match image F:\projects\AmayaQuiz\Library\PackageCache\com.unity.visualscripting@1.6.1\Editor\VisualScripting.Core\Dependencies\DotNetZip\Unity.VisualScripting.IonicZip.dll
Native extension for WindowsStandalone target not found
Native extension for OSXStandalone target not found
Native extension for WebGL target not found
Refreshing native plugins compatible for Editor in 0.71 ms, found 2 plugins.
Preloading 0 native plugins for Editor in 0.00 ms.
Mono: successfully reloaded assembly
- Completed reload, in  0.910 seconds
Platform modules already initialized, skipping
Refreshing native plugins compatible for Editor in 0.75 ms, found 2 plugins.
Preloading 0 native plugins for Editor in 0.00 ms.
Unloading 3392 Unused Serialized files (Serialized files now loaded: 0)
System memory in use before: 149.8 MB.
System memory in use after: 149.9 MB.

Unloading 18 unused Assets to reduce memory usage. Loaded Objects now: 3961.
Total: 2.408100 ms (FindLiveObjects: 0.303600 ms CreateObjectMapping: 0.090200 ms MarkObjects: 1.898900 ms  DeleteObjects: 0.114600 ms)

========================================================================
Received Prepare
Registering precompiled user dll's ...
Registered in 0.004261 seconds.
Begin MonoManager ReloadAssembly
Symbol file LoadedFromMemory doesn't match image F:\projects\AmayaQuiz\Library\PackageCache\com.unity.visualscripting@1.6.1\Editor\VisualScripting.Core\Dependencies\YamlDotNet\Unity.VisualScripting.YamlDotNet.dll
Symbol file LoadedFromMemory doesn't match image F:\projects\AmayaQuiz\Library\PackageCache\com.unity.visualscripting@1.6.1\Editor\VisualScripting.Core\Dependencies\DotNetZip\Unity.VisualScripting.IonicZip.dll
Native extension for WindowsStandalone target not found
Native extension for OSXStandalone target not found
Native extension for WebGL target not found
Refreshing native plugins compatible for Editor in 0.77 ms, found 2 plugins.
Preloading 0 native plugins for Editor in 0.00 ms.
Mono: successfully reloaded assembly
- Completed reload, in  0.918 seconds
Platform modules already initialized, skipping
Refreshing native plugins compatible for Editor in 0.79 ms, found 2 plugins.
Preloading 0 native plugins for Editor in 0.00 ms.
Unloading 3392 Unused Serialized files (Serialized files now loaded: 0)
System memory in use before: 149.8 MB.
System memory in use after: 149.9 MB.

Unloading 18 unused Assets to reduce memory usage. Loaded Objects now: 3965.
Total: 2.686700 ms (FindLiveObjects: 0.357000 ms CreateObjectMapping: 0.092000 ms MarkObjects: 2.120500 ms  DeleteObjects: 0.116000 ms)

========================================================================
Received Prepare
Registering precompiled user dll's ...
Registered in 0.003829 seconds.
Begin MonoManager ReloadAssembly
Symbol file LoadedFromMemory doesn't match image F:\projects\AmayaQuiz\Library\PackageCache\com.unity.visualscripting@1.6.1\Editor\VisualScripting.Core\Dependencies\YamlDotNet\Unity.VisualScripting.YamlDotNet.dll
Symbol file LoadedFromMemory doesn't match image F:\projects\AmayaQuiz\Library\PackageCache\com.unity.visualscripting@1.6.1\Editor\VisualScripting.Core\Dependencies\DotNetZip\Unity.VisualScripting.IonicZip.dll
Native extension for WindowsStandalone target not found
Native extension for OSXStandalone target not found
Native extension for WebGL target not found
Refreshing native plugins compatible for Editor in 0.81 ms, found 2 plugins.
Preloading 0 native plugins for Editor in 0.00 ms.
Mono: successfully reloaded assembly
- Completed reload, in  0.856 seconds
Platform modules already initialized, skipping
Refreshing native plugins compatible for Editor in 0.71 ms, found 2 plugins.
Preloading 0 native plugins for Editor in 0.00 ms.
Unloading 3392 Unused Serialized files (Serialized files now loaded: 0)
System memory in use before: 149.8 MB.
System memory in use after: 149.9 MB.

Unloading 18 unused Assets to reduce memory usage. Loaded Objects now: 3969.
Total: 2.337400 ms (FindLiveObjects: 0.308200 ms CreateObjectMapping: 0.089400 ms MarkObjects: 1.827100 ms  DeleteObjects: 0.111800 ms)

========================================================================
Received Prepare
Registering precompiled user dll's ...
Registered in 0.004868 seconds.
Begin MonoManager ReloadAssembly
Symbol file LoadedFromMemory doesn't match image F:\projects\AmayaQuiz\Library\PackageCache\com.unity.visualscripting@1.6.1\Editor\VisualScripting.Core\Dependencies\YamlDotNet\Unity.VisualScripting.YamlDotNet.dll
Symbol file LoadedFromMemory doesn't match image F:\projects\AmayaQuiz\Library\PackageCache\com.unity.visualscripting@1.6.1\Editor\VisualScripting.Core\Dependencies\DotNetZip\Unity.VisualScripting.IonicZip.dll
Native extension for WindowsStandalone target not found
Native extension for OSXStandalone target not found
Native extension for WebGL target not found
Refreshing native plugins compatible for Editor in 0.74 ms, found 2 plugins.
Preloading 0 native plugins for Editor in 0.00 ms.
Mono: successfully reloaded assembly
- Completed reload, in  0.872 seconds
Platform modules already initialized, skipping
Refreshing native plugins compatible for Editor in 0.75 ms, found 2 plugins.
Preloading 0 native plugins for Editor in 0.00 ms.
Unloading 3392 Unused Serialized files (Serialized files now loaded: 0)
System memory in use before: 149.8 MB.
System memory in use after: 149.9 MB.

Unloading 18 unused Assets to reduce memory usage. Loaded Objects now: 3973.
Total: 2.379300 ms (FindLiveObjects: 0.305800 ms CreateObjectMapping: 0.091300 ms MarkObjects: 1.865900 ms  DeleteObjects: 0.115400 ms)

========================================================================
Received Prepare
Registering precompiled user dll's ...
Registered in 0.003739 seconds.
Begin MonoManager ReloadAssembly
Symbol file LoadedFromMemory doesn't match image F:\projects\AmayaQuiz\Library\PackageCache\com.unity.visualscripting@1.6.1\Editor\VisualScripting.Core\Dependencies\YamlDotNet\Unity.VisualScripting.YamlDotNet.dll
Symbol file LoadedFromMemory doesn't match image F:\projects\AmayaQuiz\Library\PackageCache\com.unity.visualscripting@1.6.1\Editor\VisualScripting.Core\Dependencies\DotNetZip\Unity.VisualScripting.IonicZip.dll
Native extension for WindowsStandalone target not found
Native extension for OSXStandalone target not found
Native extension for WebGL target not found
Refreshing native plugins compatible for Editor in 0.72 ms, found 2 plugins.
Preloading 0 native plugins for Editor in 0.00 ms.
Mono: successfully reloaded assembly
- Completed reload, in  0.826 seconds
Platform modules already initialized, skipping
Refreshing native plugins compatible for Editor in 0.73 ms, found 2 plugins.
Preloading 0 native plugins for Editor in 0.00 ms.
Unloading 3392 Unused Serialized files (Serialized files now loaded: 0)
System memory in use before: 149.9 MB.
System memory in use after: 150.0 MB.

Unloading 18 unused Assets to reduce memory usage. Loaded Objects now: 3977.
Total: 2.342200 ms (FindLiveObjects: 0.287500 ms CreateObjectMapping: 0.089200 ms MarkObjects: 1.858300 ms  DeleteObjects: 0.106300 ms)

========================================================================
Received Import Request.
  Time since last request: 1944.836166 seconds.
  path: Assets/Scripts/Structure/BannedObjects.cs
  artifactKey: Guid(511438e6ce86b9e4a961cc0a9969cb62) Importer(815301076,1909f56bfc062723c751e8b465ee728b)
Start importing Assets/Scripts/Structure/BannedObjects.cs using Guid(511438e6ce86b9e4a961cc0a9969cb62) Importer(815301076,1909f56bfc062723c751e8b465ee728b)  -> (artifact id: '4667b20d1f3fce46559e7f373536f5ba') in 0.012503 seconds 
========================================================================
Received Import Request.
  Time since last request: 13.591159 seconds.
  path: Assets/Scripts/Structure/TweenExtension.cs
  artifactKey: Guid(80bd088724e350a47998de8824c976ae) Importer(815301076,1909f56bfc062723c751e8b465ee728b)
Start importing Assets/Scripts/Structure/TweenExtension.cs using Guid(80bd088724e350a47998de8824c976ae) Importer(815301076,1909f56bfc062723c751e8b465ee728b)  -> (artifact id: '6931426f8e5771870646c3b56523315a') in 0.006259 seconds 
========================================================================
Received Import Request.
  Time since last request: 2.683876 seconds.
  path: Assets/Scripts/Gameplay/CellBehaviour.cs
  artifactKey: Guid(90578e9089690e94183d75840eb8559a) Importer(815301076,1909f56bfc062723c751e8b465ee728b)
Start importing Assets/Scripts/Gameplay/CellBehaviour.cs using Guid(90578e9089690e94183d75840eb8559a) Importer(815301076,1909f56bfc062723c751e8b465ee728b)  -> (artifact id: 'fbda20df18af793bf2d8b39a095c2db0') in 0.006200 seconds 
========================================================================
Received Import Request.
  Time since last request: 28.233578 seconds.
  path: Assets/Scripts/Gameplay/CellGenerator.cs
  artifactKey: Guid(ae806de45b597c94f9ae6e4e8bf00e86) Importer(815301076,1909f56bfc062723c751e8b465ee728b)
Start importing Assets/Scripts/Gameplay/CellGenerator.cs using Guid(ae806de45b597c94f9ae6e4e8bf00e86) Importer(815301076,1909f56bfc062723c751e8b465ee728b)  -> (artifact id: '4eaa22026e37baafead523606990e707') in 0.006526 seconds 
========================================================================
Received Import Request.
  Time since last request: 1.074901 seconds.
  path: Assets/Scripts/Gameplay/ContentGenerator.cs
  artifactKey: Guid(e6e3ccc58f6253e4c911ecf06b3b5bc0) Importer(815301076,1909f56bfc062723c751e8b465ee728b)
Start importing Assets/Scripts/Gameplay/ContentGenerator.cs using Guid(e6e3ccc58f6253e4c911ecf06b3b5bc0) Importer(815301076,1909f56bfc062723c751e8b465ee728b)  -> (artifact id: 'b824874df18620d6363e3637d537a2b0') in 0.006813 seconds 
========================================================================
Received Import Request.
  Time since last request: 0.584580 seconds.
  path: Assets/Scripts/Gameplay/DataResetter.cs
  artifactKey: Guid(71dc86f6aa6ad1445a2421eb2719d18e) Importer(815301076,1909f56bfc062723c751e8b465ee728b)
Start importing Assets/Scripts/Gameplay/DataResetter.cs using Guid(71dc86f6aa6ad1445a2421eb2719d18e) Importer(815301076,1909f56bfc062723c751e8b465ee728b)  -> (artifact id: '25672392bb10f4bf3def97671c651a1e') in 0.006135 seconds 
========================================================================
Received Import Request.
  Time since last request: 0.455991 seconds.
  path: Assets/Scripts/Gameplay/ParticlesHandler.cs
  artifactKey: Guid(ae05f905bbf14b744831cd47e2de99c7) Importer(815301076,1909f56bfc062723c751e8b465ee728b)
Start importing Assets/Scripts/Gameplay/ParticlesHandler.cs using Guid(ae05f905bbf14b744831cd47e2de99c7) Importer(815301076,1909f56bfc062723c751e8b465ee728b)  -> (artifact id: 'e0f8907913b1cdb1a1eaa48a19558136') in 0.006106 seconds 
========================================================================
Received Import Request.
  Time since last request: 0.546749 seconds.
  path: Assets/Scripts/Gameplay/Pointer.cs
  artifactKey: Guid(099c69b48e6907346a612184879d32e2) Importer(815301076,1909f56bfc062723c751e8b465ee728b)
Start importing Assets/Scripts/Gameplay/Pointer.cs using Guid(099c69b48e6907346a612184879d32e2) Importer(815301076,1909f56bfc062723c751e8b465ee728b)  -> (artifact id: 'f0b184d03a92a00cd12f9ef7bdde2a1c') in 0.006202 seconds 
========================================================================
Received Prepare
Registering precompiled user dll's ...
Registered in 0.004203 seconds.
Begin MonoManager ReloadAssembly
Symbol file LoadedFromMemory doesn't match image F:\projects\AmayaQuiz\Library\PackageCache\com.unity.visualscripting@1.6.1\Editor\VisualScripting.Core\Dependencies\YamlDotNet\Unity.VisualScripting.YamlDotNet.dll
Symbol file LoadedFromMemory doesn't match image F:\projects\AmayaQuiz\Library\PackageCache\com.unity.visualscripting@1.6.1\Editor\VisualScripting.Core\Dependencies\DotNetZip\Unity.VisualScripting.IonicZip.dll
Native extension for WindowsStandalone target not found
Native extension for OSXStandalone target not found
Native extension for WebGL target not found
Refreshing native plugins compatible for Editor in 0.70 ms, found 2 plugins.
Preloading 0 native plugins for Editor in 0.00 ms.
Mono: successfully reloaded assembly
- Completed reload, in  0.844 seconds
Platform modules already initialized, skipping
Refreshing native plugins compatible for Editor in 0.74 ms, found 2 plugins.
Preloading 0 native plugins for Editor in 0.00 ms.
Unloading 3392 Unused Serialized files (Serialized files now loaded: 0)
System memory in use before: 149.9 MB.
System memory in use after: 150.0 MB.

Unloading 18 unused Assets to reduce memory usage. Loaded Objects now: 3981.
Total: 2.365900 ms (FindLiveObjects: 0.320000 ms CreateObjectMapping: 0.093500 ms MarkObjects: 1.841800 ms  DeleteObjects: 0.109700 ms)

========================================================================
Received Import Request.
  Time since last request: 246.312263 seconds.
  path: Assets/Scripts/Gameplay/Pointer.cs
  artifactKey: Guid(099c69b48e6907346a612184879d32e2) Importer(815301076,1909f56bfc062723c751e8b465ee728b)
Start importing Assets/Scripts/Gameplay/Pointer.cs using Guid(099c69b48e6907346a612184879d32e2) Importer(815301076,1909f56bfc062723c751e8b465ee728b)  -> (artifact id: 'b31e53c34639030540d40dc7af23e102') in 0.006208 seconds 
========================================================================
Received Import Request.
  Time since last request: 10.993896 seconds.
  path: Assets/Scripts/UI/ProgressSceneLoader.cs
  artifactKey: Guid(d5d21ce253c452d42b07c5d65beb83e1) Importer(815301076,1909f56bfc062723c751e8b465ee728b)
Start importing Assets/Scripts/UI/ProgressSceneLoader.cs using Guid(d5d21ce253c452d42b07c5d65beb83e1) Importer(815301076,1909f56bfc062723c751e8b465ee728b)  -> (artifact id: '1522d96142c3808ee472e66e919d1b45') in 0.006656 seconds 
========================================================================
Received Prepare
Registering precompiled user dll's ...
Registered in 0.003986 seconds.
Begin MonoManager ReloadAssembly
Symbol file LoadedFromMemory doesn't match image F:\projects\AmayaQuiz\Library\PackageCache\com.unity.visualscripting@1.6.1\Editor\VisualScripting.Core\Dependencies\YamlDotNet\Unity.VisualScripting.YamlDotNet.dll
Symbol file LoadedFromMemory doesn't match image F:\projects\AmayaQuiz\Library\PackageCache\com.unity.visualscripting@1.6.1\Editor\VisualScripting.Core\Dependencies\DotNetZip\Unity.VisualScripting.IonicZip.dll
Native extension for WindowsStandalone target not found
Native extension for OSXStandalone target not found
Native extension for WebGL target not found
Refreshing native plugins compatible for Editor in 0.78 ms, found 2 plugins.
Preloading 0 native plugins for Editor in 0.00 ms.
Mono: successfully reloaded assembly
- Completed reload, in  0.854 seconds
Platform modules already initialized, skipping
Refreshing native plugins compatible for Editor in 0.74 ms, found 2 plugins.
Preloading 0 native plugins for Editor in 0.00 ms.
Unloading 3393 Unused Serialized files (Serialized files now loaded: 0)
System memory in use before: 149.9 MB.
System memory in use after: 150.0 MB.

Unloading 18 unused Assets to reduce memory usage. Loaded Objects now: 3986.
Total: 2.658600 ms (FindLiveObjects: 0.297600 ms CreateObjectMapping: 0.089400 ms MarkObjects: 2.157500 ms  DeleteObjects: 0.113200 ms)

